-outxml
-source
1.7
-target
1.7
-classpath
C:\Users\Seguritech\.m2\repository\aopalliance\aopalliance\1.0\aopalliance-1.0.jar;C:\Users\Seguritech\.m2\repository\com\fasterxml\jackson\core\jackson-annotations\2.5.0\jackson-annotations-2.5.0.jar;C:\Users\Seguritech\.m2\repository\com\fasterxml\jackson\core\jackson-core\2.5.3\jackson-core-2.5.3.jar;C:\Users\Seguritech\.m2\repository\com\fasterxml\jackson\core\jackson-databind\2.5.3\jackson-databind-2.5.3.jar;C:\Users\Seguritech\.m2\repository\com\rometools\rome\1.5.0\rome-1.5.0.jar;C:\Users\Seguritech\.m2\repository\com\rometools\rome-utils\1.5.0\rome-utils-1.5.0.jar;C:\Users\Seguritech\.m2\repository\commons-fileupload\commons-fileupload\1.2.2\commons-fileupload-1.2.2.jar;C:\Users\Seguritech\.m2\repository\commons-io\commons-io\2.0.1\commons-io-2.0.1.jar;C:\Users\Seguritech\.m2\repository\javax\inject\javax.inject\1\javax.inject-1.jar;C:\Users\Seguritech\.m2\repository\javax\servlet\jsp\jsp-api\2.1\jsp-api-2.1.jar;C:\Users\Seguritech\.m2\repository\javax\servlet\jsp\jstl\jstl-api\1.2\jstl-api-1.2.jar;C:\Users\Seguritech\.m2\repository\javax\validation\validation-api\1.0.0.GA\validation-api-1.0.0.GA.jar;C:\Users\Seguritech\.m2\repository\joda-time\joda-time\2.3\joda-time-2.3.jar;C:\Users\Seguritech\.m2\repository\org\apache\tomcat\tomcat-servlet-api\7.0.30\tomcat-servlet-api-7.0.30.jar;C:\Users\Seguritech\.m2\repository\org\aspectj\aspectjrt\1.8.1\aspectjrt-1.8.1.jar;C:\Users\Seguritech\.m2\repository\org\glassfish\web\jstl-impl\1.2\jstl-impl-1.2.jar;C:\Users\Seguritech\.m2\repository\org\hibernate\hibernate-validator\4.1.0.Final\hibernate-validator-4.1.0.Final.jar;C:\Users\Seguritech\.m2\repository\org\jdom\jdom\2.0.2\jdom-2.0.2.jar;C:\Users\Seguritech\.m2\repository\org\slf4j\slf4j-api\1.7.12\slf4j-api-1.7.12.jar;C:\Users\Seguritech\.m2\repository\org\springframework\spring-aop\4.2.2.RELEASE\spring-aop-4.2.2.RELEASE.jar;C:\Users\Seguritech\.m2\repository\org\springframework\spring-beans\4.2.2.RELEASE\spring-beans-4.2.2.RELEASE.jar;C:\Users\Seguritech\.m2\repository\org\springframework\spring-context\4.2.2.RELEASE\spring-context-4.2.2.RELEASE.jar;C:\Users\Seguritech\.m2\repository\org\springframework\spring-core\4.2.2.RELEASE\spring-core-4.2.2.RELEASE.jar;C:\Users\Seguritech\.m2\repository\org\springframework\spring-expression\4.2.2.RELEASE\spring-expression-4.2.2.RELEASE.jar;C:\Users\Seguritech\.m2\repository\org\springframework\spring-web\4.2.2.RELEASE\spring-web-4.2.2.RELEASE.jar;C:\Users\Seguritech\.m2\repository\org\springframework\spring-webmvc\4.2.2.RELEASE\spring-webmvc-4.2.2.RELEASE.jar;C:\Users\Seguritech\.m2\repository\org\springframework\security\spring-security-core\4.0.1.RELEASE\spring-security-core-4.0.1.RELEASE.jar;C:\Users\Seguritech\.m2\repository\org\springframework\security\spring-security-web\4.0.1.RELEASE\spring-security-web-4.0.1.RELEASE.jar;C:\Users\Seguritech\Documents\Dev\git\spring-mvc-showcase\target\classes
-d
C:\Users\Seguritech\Documents\Dev\git\spring-mvc-showcase\target\classes
C:\Users\Seguritech\Documents\Dev\git\spring-mvc-showcase\src\main\java\org\springframework\samples\mvc\mapping\MappingController.java
C:\Users\Seguritech\Documents\Dev\git\spring-mvc-showcase\src\main\java\org\springframework\mvc\extensions\ajax\AjaxUtils.java
C:\Users\Seguritech\Documents\Dev\git\spring-mvc-showcase\src\main\java\org\springframework\samples\mvc\data\custom\RequestAttribute.java
C:\Users\Seguritech\Documents\Dev\git\spring-mvc-showcase\src\main\java\org\springframework\samples\mvc\form\FormBean.java
C:\Users\Seguritech\Documents\Dev\git\spring-mvc-showcase\src\main\java\org\springframework\samples\mvc\convert\ConvertController.java
C:\Users\Seguritech\Documents\Dev\git\spring-mvc-showcase\src\main\java\org\springframework\samples\mvc\redirect\RedirectController.java
C:\Users\Seguritech\Documents\Dev\git\spring-mvc-showcase\src\main\java\org\springframework\samples\mvc\simple\SimpleControllerRevisited.java
C:\Users\Seguritech\Documents\Dev\git\spring-mvc-showcase\src\main\java\org\springframework\samples\mvc\exceptions\BusinessException.java
C:\Users\Seguritech\Documents\Dev\git\spring-mvc-showcase\src\main\java\org\springframework\samples\mvc\convert\NestedBean.java
C:\Users\Seguritech\Documents\Dev\git\spring-mvc-showcase\src\main\java\org\springframework\samples\mvc\convert\MaskFormat.java
C:\Users\Seguritech\Documents\Dev\git\spring-mvc-showcase\src\main\java\org\springframework\samples\mvc\fileupload\FileUploadController.java
C:\Users\Seguritech\Documents\Dev\git\spring-mvc-showcase\src\main\java\org\springframework\samples\mvc\simple\SimpleController.java
C:\Users\Seguritech\Documents\Dev\git\spring-mvc-showcase\src\main\java\org\springframework\samples\mvc\convert\SocialSecurityNumber.java
C:\Users\Seguritech\Documents\Dev\git\spring-mvc-showcase\src\main\java\org\springframework\samples\mvc\views\ViewsController.java
C:\Users\Seguritech\Documents\Dev\git\spring-mvc-showcase\src\main\java\org\springframework\samples\mvc\data\RequestDataController.java
C:\Users\Seguritech\Documents\Dev\git\spring-mvc-showcase\src\main\java\org\springframework\samples\mvc\views\JavaBean.java
C:\Users\Seguritech\Documents\Dev\git\spring-mvc-showcase\src\main\java\org\springframework\samples\mvc\form\InquiryType.java
C:\Users\Seguritech\Documents\Dev\git\spring-mvc-showcase\src\main\java\org\springframework\samples\mvc\messageconverters\JavaBean.java
C:\Users\Seguritech\Documents\Dev\git\spring-mvc-showcase\src\main\java\org\springframework\samples\mvc\convert\MaskFormatAnnotationFormatterFactory.java
C:\Users\Seguritech\Documents\Dev\git\spring-mvc-showcase\src\main\java\org\springframework\samples\mvc\exceptions\GlobalExceptionHandler.java
C:\Users\Seguritech\Documents\Dev\git\spring-mvc-showcase\src\main\java\org\springframework\samples\mvc\mapping\JavaBean.java
C:\Users\Seguritech\Documents\Dev\git\spring-mvc-showcase\src\main\java\org\springframework\samples\mvc\validation\JavaBean.java
C:\Users\Seguritech\Documents\Dev\git\spring-mvc-showcase\src\main\java\org\springframework\samples\mvc\data\JavaBean.java
C:\Users\Seguritech\Documents\Dev\git\spring-mvc-showcase\src\main\java\org\springframework\samples\mvc\async\DeferredResultController.java
C:\Users\Seguritech\Documents\Dev\git\spring-mvc-showcase\src\main\java\org\springframework\samples\mvc\response\ResponseController.java
C:\Users\Seguritech\Documents\Dev\git\spring-mvc-showcase\src\main\java\org\springframework\samples\mvc\validation\ValidationController.java
C:\Users\Seguritech\Documents\Dev\git\spring-mvc-showcase\src\main\java\org\springframework\samples\mvc\exceptions\ExceptionController.java
C:\Users\Seguritech\Documents\Dev\git\spring-mvc-showcase\src\main\java\org\springframework\samples\mvc\async\CallableController.java
C:\Users\Seguritech\Documents\Dev\git\spring-mvc-showcase\src\main\java\org\springframework\samples\mvc\async\JavaBean.java
C:\Users\Seguritech\Documents\Dev\git\spring-mvc-showcase\src\main\java\org\springframework\samples\mvc\messageconverters\MessageConvertersController.java
C:\Users\Seguritech\Documents\Dev\git\spring-mvc-showcase\src\main\java\org\springframework\samples\mvc\mapping\ClasslevelMappingController.java
C:\Users\Seguritech\Documents\Dev\git\spring-mvc-showcase\src\main\java\org\springframework\samples\mvc\data\standard\StandardArgumentsController.java
C:\Users\Seguritech\Documents\Dev\git\spring-mvc-showcase\src\main\java\org\springframework\samples\mvc\async\TimeoutCallableProcessingInterceptor.java
C:\Users\Seguritech\Documents\Dev\git\spring-mvc-showcase\src\main\java\org\springframework\samples\mvc\data\custom\CustomArgumentResolver.java
C:\Users\Seguritech\Documents\Dev\git\spring-mvc-showcase\src\main\java\org\springframework\samples\mvc\data\custom\CustomArgumentController.java
C:\Users\Seguritech\Documents\Dev\git\spring-mvc-showcase\src\main\java\org\springframework\samples\mvc\convert\JavaBean.java
C:\Users\Seguritech\Documents\Dev\git\spring-mvc-showcase\src\main\java\org\springframework\samples\mvc\form\FormController.java
